\BOOKMARK [0][-]{part.1}{\376\377\000P\000a\000r\000t\000\040\0001\000.\000\040\000E\000x\000p\000o\000s\000i\000t\000o\000r\000y\000\040\000S\000u\000r\000v\000e\000y}{}% 1
\BOOKMARK [1][-]{section.1}{\376\377\0001\000.\000\040\000I\000n\000t\000r\000o\000d\000u\000c\000t\000i\000o\000n\000\040\000a\000n\000d\000\040\000h\000i\000s\000t\000o\000r\000i\000c\000a\000l\000\040\000c\000o\000n\000t\000e\000x\000t}{part.1}% 2
\BOOKMARK [2][-]{section*.2}{\376\377\000S\000c\000o\000p\000e\000\040\000o\000f\000\040\000t\000h\000i\000s\000\040\000p\000a\000p\000e\000r}{section.1}% 3
\BOOKMARK [2][-]{section*.3}{\376\377\000N\000o\000t\000a\000t\000i\000o\000n}{section.1}% 4
\BOOKMARK [1][-]{section.2}{\376\377\0002\000.\000\040\000A\000l\000g\000e\000b\000r\000a\000i\000c\000\040\000f\000o\000u\000n\000d\000a\000t\000i\000o\000n\000s}{part.1}% 5
\BOOKMARK [2][-]{subsection.2.1}{\376\377\0002\000.\0001\000.\000\040\000F\000e\000r\000m\000a\000t\000'\000s\000\040\000L\000i\000t\000t\000l\000e\000\040\000T\000h\000e\000o\000r\000e\000m\000\040\000a\000n\000d\000\040\000E\000u\000l\000e\000r\000'\000s\000\040\000g\000e\000n\000e\000r\000a\000l\000i\000z\000a\000t\000i\000o\000n}{section.2}% 6
\BOOKMARK [2][-]{subsection.2.2}{\376\377\0002\000.\0002\000.\000\040\000T\000h\000e\000\040\000g\000r\000o\000u\000p\000-\000t\000h\000e\000o\000r\000e\000t\000i\000c\000\040\000p\000e\000r\000s\000p\000e\000c\000t\000i\000v\000e}{section.2}% 7
\BOOKMARK [2][-]{subsection.2.3}{\376\377\0002\000.\0003\000.\000\040\000T\000h\000e\000\040\000C\000a\000r\000m\000i\000c\000h\000a\000e\000l\000\040\000f\000u\000n\000c\000t\000i\000o\000n}{section.2}% 8
\BOOKMARK [2][-]{subsection.2.4}{\376\377\0002\000.\0004\000.\000\040\000K\000o\000r\000s\000e\000l\000t\000'\000s\000\040\000c\000r\000i\000t\000e\000r\000i\000o\000n\000\040\000a\000n\000d\000\040\000C\000a\000r\000m\000i\000c\000h\000a\000e\000l\000\040\000n\000u\000m\000b\000e\000r\000s}{section.2}% 9
\BOOKMARK [1][-]{section.3}{\376\377\0003\000.\000\040\000P\000r\000i\000m\000a\000l\000i\000t\000y\000\040\000t\000e\000s\000t\000i\000n\000g}{part.1}% 10
\BOOKMARK [2][-]{subsection.3.1}{\376\377\0003\000.\0001\000.\000\040\000T\000h\000e\000\040\000F\000e\000r\000m\000a\000t\000\040\000p\000r\000i\000m\000a\000l\000i\000t\000y\000\040\000t\000e\000s\000t}{section.3}% 11
\BOOKMARK [2][-]{subsection.3.2}{\376\377\0003\000.\0002\000.\000\040\000T\000h\000e\000\040\000M\000i\000l\000l\000e\000r\040\023\000R\000a\000b\000i\000n\000\040\000t\000e\000s\000t}{section.3}% 12
\BOOKMARK [2][-]{subsection.3.3}{\376\377\0003\000.\0003\000.\000\040\000D\000e\000t\000e\000r\000m\000i\000n\000i\000s\000t\000i\000c\000\040\000t\000e\000s\000t\000s\000:\000\040\000M\000i\000l\000l\000e\000r\000'\000s\000\040\000c\000o\000n\000d\000i\000t\000i\000o\000n\000a\000l\000\040\000r\000e\000s\000u\000l\000t\000\040\000a\000n\000d\000\040\000A\000K\000S}{section.3}% 13
\BOOKMARK [1][-]{section.4}{\376\377\0004\000.\000\040\000C\000r\000y\000p\000t\000o\000g\000r\000a\000p\000h\000i\000c\000\040\000a\000p\000p\000l\000i\000c\000a\000t\000i\000o\000n\000s}{part.1}% 14
\BOOKMARK [2][-]{subsection.4.1}{\376\377\0004\000.\0001\000.\000\040\000R\000S\000A}{section.4}% 15
\BOOKMARK [2][-]{subsection.4.2}{\376\377\0004\000.\0002\000.\000\040\000D\000i\000f\000f\000i\000e\040\023\000H\000e\000l\000l\000m\000a\000n\000\040\000k\000e\000y\000\040\000e\000x\000c\000h\000a\000n\000g\000e}{section.4}% 16
\BOOKMARK [2][-]{subsection.4.3}{\376\377\0004\000.\0003\000.\000\040\000E\000l\000G\000a\000m\000a\000l\000\040\000e\000n\000c\000r\000y\000p\000t\000i\000o\000n\000\040\000a\000n\000d\000\040\000d\000i\000g\000i\000t\000a\000l\000\040\000s\000i\000g\000n\000a\000t\000u\000r\000e\000s}{section.4}% 17
\BOOKMARK [2][-]{subsection.4.4}{\376\377\0004\000.\0004\000.\000\040\000E\000l\000l\000i\000p\000t\000i\000c\000\040\000c\000u\000r\000v\000e\000\040\000c\000r\000y\000p\000t\000o\000g\000r\000a\000p\000h\000y}{section.4}% 18
\BOOKMARK [2][-]{subsection.4.5}{\376\377\0004\000.\0005\000.\000\040\000P\000o\000s\000t\000-\000q\000u\000a\000n\000t\000u\000m\000\040\000c\000o\000n\000s\000i\000d\000e\000r\000a\000t\000i\000o\000n\000s}{section.4}% 19
\BOOKMARK [1][-]{section.5}{\376\377\0005\000.\000\040\000C\000a\000r\000m\000i\000c\000h\000a\000e\000l\000\040\000n\000u\000m\000b\000e\000r\000s\000:\000\040\000c\000l\000a\000s\000s\000i\000c\000a\000l\000\040\000t\000h\000e\000o\000r\000y\000\040\000a\000n\000d\000\040\000r\000e\000c\000e\000n\000t\000\040\000b\000r\000e\000a\000k\000t\000h\000r\000o\000u\000g\000h\000s}{part.1}% 20
\BOOKMARK [2][-]{subsection.5.1}{\376\377\0005\000.\0001\000.\000\040\000I\000n\000f\000i\000n\000i\000t\000u\000d\000e\000\040\000a\000n\000d\000\040\000c\000o\000u\000n\000t\000i\000n\000g\000\040\000f\000u\000n\000c\000t\000i\000o\000n}{section.5}% 21
\BOOKMARK [2][-]{subsection.5.2}{\376\377\0005\000.\0002\000.\000\040\000I\000m\000p\000r\000o\000v\000e\000d\000\040\000u\000n\000c\000o\000n\000d\000i\000t\000i\000o\000n\000a\000l\000\040\000b\000o\000u\000n\000d\000s\000:\000\040\000H\000a\000r\000m\000a\000n}{section.5}% 22
\BOOKMARK [2][-]{subsection.5.3}{\376\377\0005\000.\0003\000.\000\040\000C\000o\000n\000d\000i\000t\000i\000o\000n\000a\000l\000\040\000d\000e\000n\000s\000i\000t\000y\000\040\000r\000e\000s\000u\000l\000t\000s}{section.5}% 23
\BOOKMARK [2][-]{subsection.5.4}{\376\377\0005\000.\0004\000.\000\040\000C\000a\000r\000m\000i\000c\000h\000a\000e\000l\000\040\000n\000u\000m\000b\000e\000r\000s\000\040\000i\000n\000\040\000s\000h\000o\000r\000t\000\040\000i\000n\000t\000e\000r\000v\000a\000l\000s}{section.5}% 24
\BOOKMARK [2][-]{subsection.5.5}{\376\377\0005\000.\0005\000.\000\040\000A\000r\000i\000t\000h\000m\000e\000t\000i\000c\000\040\000p\000r\000o\000g\000r\000e\000s\000s\000i\000o\000n\000s}{section.5}% 25
\BOOKMARK [2][-]{subsection.5.6}{\376\377\0005\000.\0006\000.\000\040\000C\000a\000r\000m\000i\000c\000h\000a\000e\000l\000\040\000n\000u\000m\000b\000e\000r\000s\000\040\000w\000i\000t\000h\000\040\000m\000a\000n\000y\000\040\000p\000r\000i\000m\000e\000\040\000f\000a\000c\000t\000o\000r\000s}{section.5}% 26
\BOOKMARK [2][-]{subsection.5.7}{\376\377\0005\000.\0007\000.\000\040\000T\000a\000b\000u\000l\000a\000t\000i\000o\000n}{section.5}% 27
\BOOKMARK [1][-]{section.6}{\376\377\0006\000.\000\040\000O\000p\000e\000n\000\040\000p\000r\000o\000b\000l\000e\000m\000s}{part.1}% 28
\BOOKMARK [2][-]{subsection.6.1}{\376\377\0006\000.\0001\000.\000\040\000T\000h\000e\000\040\000E\000r\000d\001\121\000s\000\040\000d\000e\000n\000s\000i\000t\000y\000\040\000c\000o\000n\000j\000e\000c\000t\000u\000r\000e}{section.6}% 29
\BOOKMARK [2][-]{subsection.6.2}{\376\377\0006\000.\0002\000.\000\040\000T\000h\000e\000\040\000P\000S\000W\000\040\000c\000o\000n\000j\000e\000c\000t\000u\000r\000e}{section.6}% 30
\BOOKMARK [2][-]{subsection.6.3}{\376\377\0006\000.\0003\000.\000\040\000W\000i\000e\000f\000e\000r\000i\000c\000h\000\040\000p\000r\000i\000m\000e\000s}{section.6}% 31
\BOOKMARK [2][-]{subsection.6.4}{\376\377\0006\000.\0004\000.\000\040\000C\000a\000r\000m\000i\000c\000h\000a\000e\000l\000'\000s\000\040\000t\000o\000t\000i\000e\000n\000t\000\040\000c\000o\000n\000j\000e\000c\000t\000u\000r\000e}{section.6}% 32
\BOOKMARK [2][-]{subsection.6.5}{\376\377\0006\000.\0005\000.\000\040\000C\000a\000r\000m\000i\000c\000h\000a\000e\000l\000\040\000n\000u\000m\000b\000e\000r\000s\000\040\000i\000n\000\040\000i\000n\000t\000e\000r\000v\000a\000l\000s\000\040\000o\000f\000\040\000f\000i\000x\000e\000d\000\040\000p\000o\000l\000y\000n\000o\000m\000i\000a\000l\000\040\000l\000e\000n\000g\000t\000h}{section.6}% 33
\BOOKMARK [0][-]{part.2}{\376\377\000P\000a\000r\000t\000\040\0002\000.\000\040\000C\000o\000m\000p\000u\000t\000a\000t\000i\000o\000n\000a\000l\000\040\000i\000n\000v\000e\000s\000t\000i\000g\000a\000t\000i\000o\000n\000s}{}% 34
\BOOKMARK [1][-]{section.7}{\376\377\0007\000.\000\040\000C\000o\000m\000p\000u\000t\000a\000t\000i\000o\000n\000a\000l\000\040\000a\000n\000a\000l\000y\000s\000i\000s\000\040\000o\000f\000\040\000C\000a\000r\000m\000i\000c\000h\000a\000e\000l\000\040\000n\000u\000m\000b\000e\000r\000\040\000d\000i\000s\000t\000r\000i\000b\000u\000t\000i\000o\000n}{part.2}% 35
\BOOKMARK [2][-]{subsection.7.1}{\376\377\0007\000.\0001\000.\000\040\000T\000h\000e\000\040\000s\000m\000o\000o\000t\000h\000n\000e\000s\000s\000\040\000p\000r\000o\000f\000i\000l\000e\000\040\000o\000f\000\040\000C\000a\000r\000m\000i\000c\000h\000a\000e\000l\000\040\000p\000r\000i\000m\000e\000\040\000f\000a\000c\000t\000o\000r\000s}{section.7}% 36
\BOOKMARK [2][-]{subsection.7.2}{\376\377\0007\000.\0002\000.\000\040\000T\000h\000e\000\040\000e\000f\000f\000e\000c\000t\000i\000v\000e\000\040\000e\000x\000p\000o\000n\000e\000n\000t\000\040\000f\000u\000n\000c\000t\000i\000o\000n}{section.7}% 37
\BOOKMARK [2][-]{subsection.7.3}{\376\377\0007\000.\0003\000.\000\040\000P\000r\000i\000m\000e\000\040\000f\000a\000c\000t\000o\000r\000\040\000c\000o\000u\000n\000t\000\040\000d\000i\000s\000t\000r\000i\000b\000u\000t\000i\000o\000n}{section.7}% 38
\BOOKMARK [2][-]{subsection.7.4}{\376\377\0007\000.\0004\000.\000\040\000S\000h\000o\000r\000t\000-\000i\000n\000t\000e\000r\000v\000a\000l\000\040\000d\000e\000n\000s\000i\000t\000y\000\040\000m\000e\000a\000s\000u\000r\000e\000m\000e\000n\000t\000s}{section.7}% 39
\BOOKMARK [1][-]{section.8}{\376\377\0008\000.\000\040\000P\000r\000e\000c\000i\000s\000e\000\040\000c\000o\000n\000j\000e\000c\000t\000u\000r\000e\000s}{part.2}% 40
\BOOKMARK [2][-]{subsection.8.1}{\376\377\0008\000.\0001\000.\000\040\000C\000o\000n\000j\000e\000c\000t\000u\000r\000e\000\040\000J\0001\000:\000\040\000R\000e\000f\000i\000n\000e\000d\000\040\000E\000r\000d\001\121\000s\000\040\000c\000o\000n\000j\000e\000c\000t\000u\000r\000e\000\040\000w\000i\000t\000h\000\040\000e\000x\000p\000l\000i\000c\000i\000t\000\040\000r\000a\000t\000e}{section.8}% 41
\BOOKMARK [2][-]{subsection.8.2}{\376\377\0008\000.\0002\000.\000\040\000C\000o\000n\000j\000e\000c\000t\000u\000r\000e\000\040\000J\0002\000:\000\040\000S\000h\000o\000r\000t\000-\000i\000n\000t\000e\000r\000v\000a\000l\000\040\000e\000q\000u\000i\000d\000i\000s\000t\000r\000i\000b\000u\000t\000i\000o\000n}{section.8}% 42
\BOOKMARK [1][-]{section*.4}{\376\377\000D\000i\000s\000c\000u\000s\000s\000i\000o\000n}{part.2}% 43
\BOOKMARK [2][-]{section*.5}{\376\377\000S\000u\000m\000m\000a\000r\000y\000\040\000o\000f\000\040\000c\000o\000n\000t\000r\000i\000b\000u\000t\000i\000o\000n\000s}{section*.4}% 44
\BOOKMARK [2][-]{section*.6}{\376\377\000C\000o\000n\000n\000e\000c\000t\000i\000o\000n\000s\000\040\000t\000o\000\040\000t\000h\000e\000\040\000s\000t\000r\000e\000s\000s\000-\000t\000e\000s\000t\000\040\000a\000n\000a\000l\000y\000s\000i\000s}{section*.4}% 45
\BOOKMARK [2][-]{section*.7}{\376\377\000L\000i\000m\000i\000t\000a\000t\000i\000o\000n\000s\000\040\000a\000n\000d\000\040\000f\000u\000t\000u\000r\000e\000\040\000d\000i\000r\000e\000c\000t\000i\000o\000n\000s}{section*.4}% 46
\BOOKMARK [2][-]{section*.8}{\376\377\000O\000p\000e\000n\000\040\000q\000u\000e\000s\000t\000i\000o\000n\000s}{section*.4}% 47
\BOOKMARK [1][-]{section*.9}{\376\377\000A\000c\000k\000n\000o\000w\000l\000e\000d\000g\000m\000e\000n\000t\000s}{part.2}% 48
\BOOKMARK [1][-]{section*.10}{\376\377\000R\000e\000f\000e\000r\000e\000n\000c\000e\000s}{part.2}% 49
